{"/Users/jalbo/Desktop/dev/wake_word_command/wake-word-detection.js": {"path":"/Users/jalbo/Desktop/dev/wake_word_command/wake-word-detection.js","statementMap":{"0":{"start":{"line":19,"column":2},"end":{"line":21,"column":3}},"1":{"start":{"line":20,"column":4},"end":{"line":20,"column":45}},"2":{"start":{"line":24,"column":17},"end":{"line":31,"column":3}},"3":{"start":{"line":34,"column":20},"end":{"line":34,"column":24}},"4":{"start":{"line":35,"column":20},"end":{"line":35,"column":25}},"5":{"start":{"line":36,"column":17},"end":{"line":36,"column":22}},"6":{"start":{"line":37,"column":25},"end":{"line":37,"column":26}},"7":{"start":{"line":38,"column":23},"end":{"line":38,"column":25}},"8":{"start":{"line":39,"column":26},"end":{"line":39,"column":31}},"9":{"start":{"line":40,"column":25},"end":{"line":40,"column":30}},"10":{"start":{"line":41,"column":23},"end":{"line":41,"column":27}},"11":{"start":{"line":42,"column":27},"end":{"line":42,"column":28}},"12":{"start":{"line":43,"column":23},"end":{"line":43,"column":25}},"13":{"start":{"line":44,"column":22},"end":{"line":44,"column":23}},"14":{"start":{"line":45,"column":29},"end":{"line":45,"column":31}},"15":{"start":{"line":46,"column":28},"end":{"line":46,"column":33}},"16":{"start":{"line":47,"column":26},"end":{"line":47,"column":28}},"17":{"start":{"line":48,"column":23},"end":{"line":48,"column":27}},"18":{"start":{"line":49,"column":29},"end":{"line":49,"column":33}},"19":{"start":{"line":50,"column":32},"end":{"line":50,"column":36}},"20":{"start":{"line":51,"column":28},"end":{"line":51,"column":32}},"21":{"start":{"line":52,"column":29},"end":{"line":52,"column":30}},"22":{"start":{"line":53,"column":31},"end":{"line":53,"column":32}},"23":{"start":{"line":54,"column":27},"end":{"line":54,"column":31}},"24":{"start":{"line":55,"column":24},"end":{"line":55,"column":25}},"25":{"start":{"line":61,"column":4},"end":{"line":215,"column":5}},"26":{"start":{"line":63,"column":6},"end":{"line":68,"column":7}},"27":{"start":{"line":67,"column":8},"end":{"line":67,"column":76}},"28":{"start":{"line":72,"column":8},"end":{"line":72,"column":66}},"29":{"start":{"line":73,"column":6},"end":{"line":73,"column":44}},"30":{"start":{"line":76,"column":6},"end":{"line":76,"column":36}},"31":{"start":{"line":77,"column":6},"end":{"line":77,"column":40}},"32":{"start":{"line":78,"column":6},"end":{"line":78,"column":41}},"33":{"start":{"line":81,"column":6},"end":{"line":179,"column":8}},"34":{"start":{"line":83,"column":8},"end":{"line":83,"column":28}},"35":{"start":{"line":85,"column":24},"end":{"line":85,"column":49}},"36":{"start":{"line":86,"column":27},"end":{"line":86,"column":54}},"37":{"start":{"line":87,"column":27},"end":{"line":87,"column":51}},"38":{"start":{"line":88,"column":24},"end":{"line":88,"column":42}},"39":{"start":{"line":89,"column":20},"end":{"line":89,"column":30}},"40":{"start":{"line":92,"column":37},"end":{"line":92,"column":68}},"41":{"start":{"line":94,"column":8},"end":{"line":94,"column":73}},"42":{"start":{"line":97,"column":33},"end":{"line":99,"column":9}},"43":{"start":{"line":100,"column":8},"end":{"line":102,"column":10}},"44":{"start":{"line":104,"column":8},"end":{"line":172,"column":9}},"45":{"start":{"line":106,"column":10},"end":{"line":141,"column":11}},"46":{"start":{"line":107,"column":12},"end":{"line":107,"column":51}},"47":{"start":{"line":108,"column":12},"end":{"line":108,"column":35}},"48":{"start":{"line":109,"column":12},"end":{"line":109,"column":38}},"49":{"start":{"line":110,"column":12},"end":{"line":110,"column":36}},"50":{"start":{"line":111,"column":12},"end":{"line":111,"column":39}},"51":{"start":{"line":112,"column":12},"end":{"line":112,"column":40}},"52":{"start":{"line":113,"column":12},"end":{"line":113,"column":35}},"53":{"start":{"line":116,"column":12},"end":{"line":119,"column":13}},"54":{"start":{"line":117,"column":14},"end":{"line":117,"column":43}},"55":{"start":{"line":118,"column":14},"end":{"line":118,"column":36}},"56":{"start":{"line":122,"column":12},"end":{"line":122,"column":40}},"57":{"start":{"line":125,"column":32},"end":{"line":125,"column":62}},"58":{"start":{"line":126,"column":12},"end":{"line":126,"column":63}},"59":{"start":{"line":128,"column":12},"end":{"line":132,"column":13}},"60":{"start":{"line":129,"column":14},"end":{"line":129,"column":43}},"61":{"start":{"line":130,"column":14},"end":{"line":130,"column":46}},"62":{"start":{"line":131,"column":14},"end":{"line":131,"column":50}},"63":{"start":{"line":135,"column":12},"end":{"line":140,"column":35}},"64":{"start":{"line":136,"column":14},"end":{"line":139,"column":15}},"65":{"start":{"line":137,"column":16},"end":{"line":137,"column":61}},"66":{"start":{"line":138,"column":16},"end":{"line":138,"column":34}},"67":{"start":{"line":142,"column":15},"end":{"line":172,"column":9}},"68":{"start":{"line":144,"column":10},"end":{"line":171,"column":11}},"69":{"start":{"line":145,"column":12},"end":{"line":145,"column":40}},"70":{"start":{"line":146,"column":32},"end":{"line":146,"column":66}},"71":{"start":{"line":147,"column":12},"end":{"line":147,"column":62}},"72":{"start":{"line":149,"column":12},"end":{"line":158,"column":13}},"73":{"start":{"line":154,"column":14},"end":{"line":154,"column":43}},"74":{"start":{"line":155,"column":14},"end":{"line":155,"column":46}},"75":{"start":{"line":156,"column":14},"end":{"line":156,"column":39}},"76":{"start":{"line":157,"column":14},"end":{"line":157,"column":50}},"77":{"start":{"line":161,"column":12},"end":{"line":163,"column":13}},"78":{"start":{"line":162,"column":14},"end":{"line":162,"column":43}},"79":{"start":{"line":165,"column":12},"end":{"line":170,"column":35}},"80":{"start":{"line":166,"column":14},"end":{"line":169,"column":15}},"81":{"start":{"line":167,"column":16},"end":{"line":167,"column":61}},"82":{"start":{"line":168,"column":16},"end":{"line":168,"column":34}},"83":{"start":{"line":175,"column":8},"end":{"line":178,"column":9}},"84":{"start":{"line":176,"column":10},"end":{"line":176,"column":55}},"85":{"start":{"line":177,"column":10},"end":{"line":177,"column":28}},"86":{"start":{"line":182,"column":6},"end":{"line":201,"column":8}},"87":{"start":{"line":183,"column":8},"end":{"line":183,"column":64}},"88":{"start":{"line":186,"column":8},"end":{"line":193,"column":9}},"89":{"start":{"line":187,"column":22},"end":{"line":187,"column":32}},"90":{"start":{"line":188,"column":10},"end":{"line":191,"column":11}},"91":{"start":{"line":189,"column":12},"end":{"line":189,"column":61}},"92":{"start":{"line":190,"column":12},"end":{"line":190,"column":19}},"93":{"start":{"line":192,"column":10},"end":{"line":192,"column":30}},"94":{"start":{"line":195,"column":8},"end":{"line":195,"column":48}},"95":{"start":{"line":198,"column":8},"end":{"line":200,"column":9}},"96":{"start":{"line":199,"column":10},"end":{"line":199,"column":31}},"97":{"start":{"line":204,"column":6},"end":{"line":208,"column":8}},"98":{"start":{"line":205,"column":8},"end":{"line":207,"column":9}},"99":{"start":{"line":206,"column":10},"end":{"line":206,"column":31}},"100":{"start":{"line":210,"column":6},"end":{"line":210,"column":18}},"101":{"start":{"line":212,"column":6},"end":{"line":212,"column":69}},"102":{"start":{"line":213,"column":6},"end":{"line":213,"column":80}},"103":{"start":{"line":214,"column":6},"end":{"line":214,"column":19}},"104":{"start":{"line":222,"column":4},"end":{"line":224,"column":5}},"105":{"start":{"line":223,"column":6},"end":{"line":223,"column":35}},"106":{"start":{"line":226,"column":4},"end":{"line":230,"column":5}},"107":{"start":{"line":227,"column":6},"end":{"line":227,"column":72}},"108":{"start":{"line":228,"column":6},"end":{"line":228,"column":13}},"109":{"start":{"line":229,"column":6},"end":{"line":229,"column":13}},"110":{"start":{"line":232,"column":18},"end":{"line":232,"column":65}},"111":{"start":{"line":233,"column":4},"end":{"line":237,"column":6}},"112":{"start":{"line":239,"column":4},"end":{"line":252,"column":14}},"113":{"start":{"line":240,"column":6},"end":{"line":251,"column":7}},"114":{"start":{"line":241,"column":8},"end":{"line":243,"column":9}},"115":{"start":{"line":242,"column":10},"end":{"line":242,"column":29}},"116":{"start":{"line":244,"column":8},"end":{"line":247,"column":9}},"117":{"start":{"line":245,"column":10},"end":{"line":245,"column":30}},"118":{"start":{"line":246,"column":10},"end":{"line":246,"column":28}},"119":{"start":{"line":249,"column":8},"end":{"line":249,"column":62}},"120":{"start":{"line":250,"column":8},"end":{"line":250,"column":73}},"121":{"start":{"line":259,"column":4},"end":{"line":285,"column":5}},"122":{"start":{"line":260,"column":6},"end":{"line":260,"column":31}},"123":{"start":{"line":261,"column":6},"end":{"line":261,"column":31}},"124":{"start":{"line":262,"column":6},"end":{"line":262,"column":34}},"125":{"start":{"line":264,"column":6},"end":{"line":267,"column":7}},"126":{"start":{"line":265,"column":8},"end":{"line":265,"column":37}},"127":{"start":{"line":266,"column":8},"end":{"line":266,"column":30}},"128":{"start":{"line":269,"column":27},"end":{"line":269,"column":61}},"129":{"start":{"line":272,"column":6},"end":{"line":279,"column":7}},"130":{"start":{"line":277,"column":8},"end":{"line":277,"column":44}},"131":{"start":{"line":278,"column":8},"end":{"line":278,"column":39}},"132":{"start":{"line":282,"column":6},"end":{"line":282,"column":26}},"133":{"start":{"line":283,"column":6},"end":{"line":283,"column":26}},"134":{"start":{"line":284,"column":6},"end":{"line":284,"column":29}},"135":{"start":{"line":295,"column":27},"end":{"line":295,"column":52}},"136":{"start":{"line":296,"column":31},"end":{"line":296,"column":67}},"137":{"start":{"line":299,"column":26},"end":{"line":299,"column":68}},"138":{"start":{"line":300,"column":4},"end":{"line":300,"column":53}},"139":{"start":{"line":303,"column":4},"end":{"line":307,"column":5}},"140":{"start":{"line":304,"column":6},"end":{"line":306,"column":16}},"141":{"start":{"line":310,"column":4},"end":{"line":312,"column":5}},"142":{"start":{"line":311,"column":6},"end":{"line":311,"column":28}},"143":{"start":{"line":315,"column":4},"end":{"line":315,"column":14}},"144":{"start":{"line":322,"column":4},"end":{"line":343,"column":5}},"145":{"start":{"line":324,"column":6},"end":{"line":328,"column":7}},"146":{"start":{"line":325,"column":8},"end":{"line":327,"column":9}},"147":{"start":{"line":326,"column":10},"end":{"line":326,"column":17}},"148":{"start":{"line":331,"column":6},"end":{"line":331,"column":26}},"149":{"start":{"line":332,"column":6},"end":{"line":332,"column":32}},"150":{"start":{"line":333,"column":6},"end":{"line":333,"column":23}},"151":{"start":{"line":334,"column":6},"end":{"line":334,"column":31}},"152":{"start":{"line":335,"column":6},"end":{"line":335,"column":67}},"153":{"start":{"line":338,"column":6},"end":{"line":338,"column":26}},"154":{"start":{"line":339,"column":6},"end":{"line":339,"column":25}},"155":{"start":{"line":341,"column":6},"end":{"line":341,"column":65}},"156":{"start":{"line":342,"column":6},"end":{"line":342,"column":76}},"157":{"start":{"line":350,"column":4},"end":{"line":354,"column":5}},"158":{"start":{"line":351,"column":6},"end":{"line":351,"column":25}},"159":{"start":{"line":352,"column":6},"end":{"line":352,"column":26}},"160":{"start":{"line":353,"column":6},"end":{"line":353,"column":23}},"161":{"start":{"line":361,"column":4},"end":{"line":364,"column":5}},"162":{"start":{"line":362,"column":6},"end":{"line":362,"column":25}},"163":{"start":{"line":363,"column":6},"end":{"line":363,"column":22}},"164":{"start":{"line":371,"column":4},"end":{"line":374,"column":5}},"165":{"start":{"line":372,"column":6},"end":{"line":372,"column":26}},"166":{"start":{"line":373,"column":6},"end":{"line":373,"column":23}},"167":{"start":{"line":382,"column":4},"end":{"line":382,"column":52}},"168":{"start":{"line":383,"column":4},"end":{"line":383,"column":58}},"169":{"start":{"line":391,"column":4},"end":{"line":391,"column":31}},"170":{"start":{"line":392,"column":4},"end":{"line":394,"column":5}},"171":{"start":{"line":393,"column":6},"end":{"line":393,"column":34}},"172":{"start":{"line":402,"column":4},"end":{"line":402,"column":74}},"173":{"start":{"line":406,"column":2},"end":{"line":414,"column":4}}},"fnMap":{"0":{"name":"createWakeWordDetection","decl":{"start":{"line":17,"column":16},"end":{"line":17,"column":39}},"loc":{"start":{"line":17,"column":54},"end":{"line":415,"column":1}},"line":17},"1":{"name":"(anonymous_1)","decl":{"start":{"line":27,"column":55},"end":{"line":27,"column":56}},"loc":{"start":{"line":27,"column":61},"end":{"line":27,"column":63}},"line":27},"2":{"name":"(anonymous_2)","decl":{"start":{"line":28,"column":49},"end":{"line":28,"column":50}},"loc":{"start":{"line":28,"column":55},"end":{"line":28,"column":57}},"line":28},"3":{"name":"(anonymous_3)","decl":{"start":{"line":29,"column":37},"end":{"line":29,"column":38}},"loc":{"start":{"line":29,"column":43},"end":{"line":29,"column":45}},"line":29},"4":{"name":"(anonymous_4)","decl":{"start":{"line":30,"column":33},"end":{"line":30,"column":34}},"loc":{"start":{"line":30,"column":39},"end":{"line":30,"column":41}},"line":30},"5":{"name":"initializeSpeechRecognition","decl":{"start":{"line":60,"column":11},"end":{"line":60,"column":38}},"loc":{"start":{"line":60,"column":41},"end":{"line":216,"column":3}},"line":60},"6":{"name":"(anonymous_6)","decl":{"start":{"line":81,"column":29},"end":{"line":81,"column":30}},"loc":{"start":{"line":81,"column":40},"end":{"line":179,"column":7}},"line":81},"7":{"name":"(anonymous_7)","decl":{"start":{"line":135,"column":40},"end":{"line":135,"column":41}},"loc":{"start":{"line":135,"column":46},"end":{"line":140,"column":13}},"line":135},"8":{"name":"(anonymous_8)","decl":{"start":{"line":165,"column":40},"end":{"line":165,"column":41}},"loc":{"start":{"line":165,"column":46},"end":{"line":170,"column":13}},"line":165},"9":{"name":"(anonymous_9)","decl":{"start":{"line":182,"column":28},"end":{"line":182,"column":29}},"loc":{"start":{"line":182,"column":39},"end":{"line":201,"column":7}},"line":182},"10":{"name":"(anonymous_10)","decl":{"start":{"line":204,"column":26},"end":{"line":204,"column":27}},"loc":{"start":{"line":204,"column":32},"end":{"line":208,"column":7}},"line":204},"11":{"name":"restartRecognition","decl":{"start":{"line":221,"column":11},"end":{"line":221,"column":29}},"loc":{"start":{"line":221,"column":32},"end":{"line":253,"column":3}},"line":221},"12":{"name":"(anonymous_12)","decl":{"start":{"line":239,"column":32},"end":{"line":239,"column":33}},"loc":{"start":{"line":239,"column":38},"end":{"line":252,"column":5}},"line":239},"13":{"name":"finalizeCommand","decl":{"start":{"line":258,"column":11},"end":{"line":258,"column":26}},"loc":{"start":{"line":258,"column":29},"end":{"line":286,"column":3}},"line":258},"14":{"name":"extractCommandText","decl":{"start":{"line":293,"column":11},"end":{"line":293,"column":29}},"loc":{"start":{"line":293,"column":36},"end":{"line":316,"column":3}},"line":293},"15":{"name":"start","decl":{"start":{"line":321,"column":11},"end":{"line":321,"column":16}},"loc":{"start":{"line":321,"column":19},"end":{"line":344,"column":3}},"line":321},"16":{"name":"stop","decl":{"start":{"line":349,"column":11},"end":{"line":349,"column":15}},"loc":{"start":{"line":349,"column":18},"end":{"line":355,"column":3}},"line":349},"17":{"name":"pause","decl":{"start":{"line":360,"column":11},"end":{"line":360,"column":16}},"loc":{"start":{"line":360,"column":19},"end":{"line":365,"column":3}},"line":360},"18":{"name":"resume","decl":{"start":{"line":370,"column":11},"end":{"line":370,"column":17}},"loc":{"start":{"line":370,"column":20},"end":{"line":375,"column":3}},"line":370},"19":{"name":"setWakeWord","decl":{"start":{"line":381,"column":11},"end":{"line":381,"column":22}},"loc":{"start":{"line":381,"column":33},"end":{"line":384,"column":3}},"line":381},"20":{"name":"setLanguage","decl":{"start":{"line":390,"column":11},"end":{"line":390,"column":22}},"loc":{"start":{"line":390,"column":33},"end":{"line":395,"column":3}},"line":390},"21":{"name":"isSupported","decl":{"start":{"line":401,"column":11},"end":{"line":401,"column":22}},"loc":{"start":{"line":401,"column":25},"end":{"line":403,"column":3}},"line":401}},"branchMap":{"0":{"loc":{"start":{"line":17,"column":40},"end":{"line":17,"column":52}},"type":"default-arg","locations":[{"start":{"line":17,"column":50},"end":{"line":17,"column":52}}],"line":17},"1":{"loc":{"start":{"line":19,"column":2},"end":{"line":21,"column":3}},"type":"if","locations":[{"start":{"line":19,"column":2},"end":{"line":21,"column":3}},{"start":{},"end":{}}],"line":19},"2":{"loc":{"start":{"line":26,"column":14},"end":{"line":26,"column":41}},"type":"binary-expr","locations":[{"start":{"line":26,"column":14},"end":{"line":26,"column":30}},{"start":{"line":26,"column":34},"end":{"line":26,"column":41}}],"line":26},"3":{"loc":{"start":{"line":27,"column":24},"end":{"line":27,"column":64}},"type":"binary-expr","locations":[{"start":{"line":27,"column":24},"end":{"line":27,"column":50}},{"start":{"line":27,"column":55},"end":{"line":27,"column":63}}],"line":27},"4":{"loc":{"start":{"line":28,"column":21},"end":{"line":28,"column":58}},"type":"binary-expr","locations":[{"start":{"line":28,"column":21},"end":{"line":28,"column":44}},{"start":{"line":28,"column":49},"end":{"line":28,"column":57}}],"line":28},"5":{"loc":{"start":{"line":29,"column":15},"end":{"line":29,"column":46}},"type":"binary-expr","locations":[{"start":{"line":29,"column":15},"end":{"line":29,"column":32}},{"start":{"line":29,"column":37},"end":{"line":29,"column":45}}],"line":29},"6":{"loc":{"start":{"line":30,"column":13},"end":{"line":30,"column":42}},"type":"binary-expr","locations":[{"start":{"line":30,"column":13},"end":{"line":30,"column":28}},{"start":{"line":30,"column":33},"end":{"line":30,"column":41}}],"line":30},"7":{"loc":{"start":{"line":63,"column":6},"end":{"line":68,"column":7}},"type":"if","locations":[{"start":{"line":63,"column":6},"end":{"line":68,"column":7}},{"start":{},"end":{}}],"line":63},"8":{"loc":{"start":{"line":64,"column":8},"end":{"line":65,"column":40}},"type":"binary-expr","locations":[{"start":{"line":64,"column":8},"end":{"line":64,"column":46}},{"start":{"line":65,"column":8},"end":{"line":65,"column":40}}],"line":64},"9":{"loc":{"start":{"line":72,"column":8},"end":{"line":72,"column":66}},"type":"binary-expr","locations":[{"start":{"line":72,"column":8},"end":{"line":72,"column":32}},{"start":{"line":72,"column":36},"end":{"line":72,"column":66}}],"line":72},"10":{"loc":{"start":{"line":104,"column":8},"end":{"line":172,"column":9}},"type":"if","locations":[{"start":{"line":104,"column":8},"end":{"line":172,"column":9}},{"start":{"line":142,"column":15},"end":{"line":172,"column":9}}],"line":104},"11":{"loc":{"start":{"line":104,"column":12},"end":{"line":104,"column":52}},"type":"binary-expr","locations":[{"start":{"line":104,"column":12},"end":{"line":104,"column":28}},{"start":{"line":104,"column":32},"end":{"line":104,"column":52}}],"line":104},"12":{"loc":{"start":{"line":106,"column":10},"end":{"line":141,"column":11}},"type":"if","locations":[{"start":{"line":106,"column":10},"end":{"line":141,"column":11}},{"start":{},"end":{}}],"line":106},"13":{"loc":{"start":{"line":116,"column":12},"end":{"line":119,"column":13}},"type":"if","locations":[{"start":{"line":116,"column":12},"end":{"line":119,"column":13}},{"start":{},"end":{}}],"line":116},"14":{"loc":{"start":{"line":128,"column":12},"end":{"line":132,"column":13}},"type":"if","locations":[{"start":{"line":128,"column":12},"end":{"line":132,"column":13}},{"start":{},"end":{}}],"line":128},"15":{"loc":{"start":{"line":128,"column":16},"end":{"line":128,"column":71}},"type":"binary-expr","locations":[{"start":{"line":128,"column":16},"end":{"line":128,"column":27}},{"start":{"line":128,"column":31},"end":{"line":128,"column":71}}],"line":128},"16":{"loc":{"start":{"line":136,"column":14},"end":{"line":139,"column":15}},"type":"if","locations":[{"start":{"line":136,"column":14},"end":{"line":139,"column":15}},{"start":{},"end":{}}],"line":136},"17":{"loc":{"start":{"line":136,"column":18},"end":{"line":136,"column":56}},"type":"binary-expr","locations":[{"start":{"line":136,"column":18},"end":{"line":136,"column":36}},{"start":{"line":136,"column":40},"end":{"line":136,"column":56}}],"line":136},"18":{"loc":{"start":{"line":142,"column":15},"end":{"line":172,"column":9}},"type":"if","locations":[{"start":{"line":142,"column":15},"end":{"line":172,"column":9}},{"start":{},"end":{}}],"line":142},"19":{"loc":{"start":{"line":142,"column":19},"end":{"line":142,"column":57}},"type":"binary-expr","locations":[{"start":{"line":142,"column":19},"end":{"line":142,"column":35}},{"start":{"line":142,"column":39},"end":{"line":142,"column":57}}],"line":142},"20":{"loc":{"start":{"line":144,"column":10},"end":{"line":171,"column":11}},"type":"if","locations":[{"start":{"line":144,"column":10},"end":{"line":171,"column":11}},{"start":{},"end":{}}],"line":144},"21":{"loc":{"start":{"line":149,"column":12},"end":{"line":158,"column":13}},"type":"if","locations":[{"start":{"line":149,"column":12},"end":{"line":158,"column":13}},{"start":{},"end":{}}],"line":149},"22":{"loc":{"start":{"line":150,"column":14},"end":{"line":152,"column":47}},"type":"binary-expr","locations":[{"start":{"line":150,"column":14},"end":{"line":150,"column":25}},{"start":{"line":151,"column":14},"end":{"line":151,"column":54}},{"start":{"line":152,"column":14},"end":{"line":152,"column":47}}],"line":150},"23":{"loc":{"start":{"line":161,"column":12},"end":{"line":163,"column":13}},"type":"if","locations":[{"start":{"line":161,"column":12},"end":{"line":163,"column":13}},{"start":{},"end":{}}],"line":161},"24":{"loc":{"start":{"line":166,"column":14},"end":{"line":169,"column":15}},"type":"if","locations":[{"start":{"line":166,"column":14},"end":{"line":169,"column":15}},{"start":{},"end":{}}],"line":166},"25":{"loc":{"start":{"line":166,"column":18},"end":{"line":166,"column":56}},"type":"binary-expr","locations":[{"start":{"line":166,"column":18},"end":{"line":166,"column":36}},{"start":{"line":166,"column":40},"end":{"line":166,"column":56}}],"line":166},"26":{"loc":{"start":{"line":175,"column":8},"end":{"line":178,"column":9}},"type":"if","locations":[{"start":{"line":175,"column":8},"end":{"line":178,"column":9}},{"start":{},"end":{}}],"line":175},"27":{"loc":{"start":{"line":175,"column":12},"end":{"line":175,"column":61}},"type":"binary-expr","locations":[{"start":{"line":175,"column":12},"end":{"line":175,"column":19}},{"start":{"line":175,"column":23},"end":{"line":175,"column":39}},{"start":{"line":175,"column":43},"end":{"line":175,"column":61}}],"line":175},"28":{"loc":{"start":{"line":186,"column":8},"end":{"line":193,"column":9}},"type":"if","locations":[{"start":{"line":186,"column":8},"end":{"line":193,"column":9}},{"start":{},"end":{}}],"line":186},"29":{"loc":{"start":{"line":188,"column":10},"end":{"line":191,"column":11}},"type":"if","locations":[{"start":{"line":188,"column":10},"end":{"line":191,"column":11}},{"start":{},"end":{}}],"line":188},"30":{"loc":{"start":{"line":198,"column":8},"end":{"line":200,"column":9}},"type":"if","locations":[{"start":{"line":198,"column":8},"end":{"line":200,"column":9}},{"start":{},"end":{}}],"line":198},"31":{"loc":{"start":{"line":205,"column":8},"end":{"line":207,"column":9}},"type":"if","locations":[{"start":{"line":205,"column":8},"end":{"line":207,"column":9}},{"start":{},"end":{}}],"line":205},"32":{"loc":{"start":{"line":205,"column":12},"end":{"line":205,"column":36}},"type":"binary-expr","locations":[{"start":{"line":205,"column":12},"end":{"line":205,"column":23}},{"start":{"line":205,"column":27},"end":{"line":205,"column":36}}],"line":205},"33":{"loc":{"start":{"line":222,"column":4},"end":{"line":224,"column":5}},"type":"if","locations":[{"start":{"line":222,"column":4},"end":{"line":224,"column":5}},{"start":{},"end":{}}],"line":222},"34":{"loc":{"start":{"line":226,"column":4},"end":{"line":230,"column":5}},"type":"if","locations":[{"start":{"line":226,"column":4},"end":{"line":230,"column":5}},{"start":{},"end":{}}],"line":226},"35":{"loc":{"start":{"line":241,"column":8},"end":{"line":243,"column":9}},"type":"if","locations":[{"start":{"line":241,"column":8},"end":{"line":243,"column":9}},{"start":{},"end":{}}],"line":241},"36":{"loc":{"start":{"line":244,"column":8},"end":{"line":247,"column":9}},"type":"if","locations":[{"start":{"line":244,"column":8},"end":{"line":247,"column":9}},{"start":{},"end":{}}],"line":244},"37":{"loc":{"start":{"line":259,"column":4},"end":{"line":285,"column":5}},"type":"if","locations":[{"start":{"line":259,"column":4},"end":{"line":285,"column":5}},{"start":{},"end":{}}],"line":259},"38":{"loc":{"start":{"line":259,"column":8},"end":{"line":259,"column":46}},"type":"binary-expr","locations":[{"start":{"line":259,"column":8},"end":{"line":259,"column":26}},{"start":{"line":259,"column":30},"end":{"line":259,"column":46}}],"line":259},"39":{"loc":{"start":{"line":264,"column":6},"end":{"line":267,"column":7}},"type":"if","locations":[{"start":{"line":264,"column":6},"end":{"line":267,"column":7}},{"start":{},"end":{}}],"line":264},"40":{"loc":{"start":{"line":272,"column":6},"end":{"line":279,"column":7}},"type":"if","locations":[{"start":{"line":272,"column":6},"end":{"line":279,"column":7}},{"start":{},"end":{}}],"line":272},"41":{"loc":{"start":{"line":273,"column":8},"end":{"line":275,"column":49}},"type":"binary-expr","locations":[{"start":{"line":273,"column":8},"end":{"line":273,"column":20}},{"start":{"line":274,"column":8},"end":{"line":274,"column":45}},{"start":{"line":275,"column":8},"end":{"line":275,"column":49}}],"line":273},"42":{"loc":{"start":{"line":303,"column":4},"end":{"line":307,"column":5}},"type":"if","locations":[{"start":{"line":303,"column":4},"end":{"line":307,"column":5}},{"start":{},"end":{}}],"line":303},"43":{"loc":{"start":{"line":310,"column":4},"end":{"line":312,"column":5}},"type":"if","locations":[{"start":{"line":310,"column":4},"end":{"line":312,"column":5}},{"start":{},"end":{}}],"line":310},"44":{"loc":{"start":{"line":310,"column":8},"end":{"line":310,"column":42}},"type":"binary-expr","locations":[{"start":{"line":310,"column":8},"end":{"line":310,"column":24}},{"start":{"line":310,"column":28},"end":{"line":310,"column":42}}],"line":310},"45":{"loc":{"start":{"line":324,"column":6},"end":{"line":328,"column":7}},"type":"if","locations":[{"start":{"line":324,"column":6},"end":{"line":328,"column":7}},{"start":{},"end":{}}],"line":324},"46":{"loc":{"start":{"line":325,"column":8},"end":{"line":327,"column":9}},"type":"if","locations":[{"start":{"line":325,"column":8},"end":{"line":327,"column":9}},{"start":{},"end":{}}],"line":325},"47":{"loc":{"start":{"line":350,"column":4},"end":{"line":354,"column":5}},"type":"if","locations":[{"start":{"line":350,"column":4},"end":{"line":354,"column":5}},{"start":{},"end":{}}],"line":350},"48":{"loc":{"start":{"line":361,"column":4},"end":{"line":364,"column":5}},"type":"if","locations":[{"start":{"line":361,"column":4},"end":{"line":364,"column":5}},{"start":{},"end":{}}],"line":361},"49":{"loc":{"start":{"line":361,"column":8},"end":{"line":361,"column":34}},"type":"binary-expr","locations":[{"start":{"line":361,"column":8},"end":{"line":361,"column":19}},{"start":{"line":361,"column":23},"end":{"line":361,"column":34}}],"line":361},"50":{"loc":{"start":{"line":371,"column":4},"end":{"line":374,"column":5}},"type":"if","locations":[{"start":{"line":371,"column":4},"end":{"line":374,"column":5}},{"start":{},"end":{}}],"line":371},"51":{"loc":{"start":{"line":371,"column":8},"end":{"line":371,"column":31}},"type":"binary-expr","locations":[{"start":{"line":371,"column":8},"end":{"line":371,"column":19}},{"start":{"line":371,"column":23},"end":{"line":371,"column":31}}],"line":371},"52":{"loc":{"start":{"line":392,"column":4},"end":{"line":394,"column":5}},"type":"if","locations":[{"start":{"line":392,"column":4},"end":{"line":394,"column":5}},{"start":{},"end":{}}],"line":392},"53":{"loc":{"start":{"line":402,"column":14},"end":{"line":402,"column":72}},"type":"binary-expr","locations":[{"start":{"line":402,"column":14},"end":{"line":402,"column":38}},{"start":{"line":402,"column":42},"end":{"line":402,"column":72}}],"line":402}},"s":{"0":3,"1":1,"2":2,"3":2,"4":2,"5":2,"6":2,"7":2,"8":2,"9":2,"10":2,"11":2,"12":2,"13":2,"14":2,"15":2,"16":2,"17":2,"18":2,"19":2,"20":2,"21":2,"22":2,"23":2,"24":2,"25":0,"26":0,"27":0,"28":0,"29":0,"30":0,"31":0,"32":0,"33":0,"34":0,"35":0,"36":0,"37":0,"38":0,"39":0,"40":0,"41":0,"42":0,"43":0,"44":0,"45":0,"46":0,"47":0,"48":0,"49":0,"50":0,"51":0,"52":0,"53":0,"54":0,"55":0,"56":0,"57":0,"58":0,"59":0,"60":0,"61":0,"62":0,"63":0,"64":0,"65":0,"66":0,"67":0,"68":0,"69":0,"70":0,"71":0,"72":0,"73":0,"74":0,"75":0,"76":0,"77":0,"78":0,"79":0,"80":0,"81":0,"82":0,"83":0,"84":0,"85":0,"86":0,"87":0,"88":0,"89":0,"90":0,"91":0,"92":0,"93":0,"94":0,"95":0,"96":0,"97":0,"98":0,"99":0,"100":0,"101":0,"102":0,"103":0,"104":0,"105":0,"106":0,"107":0,"108":0,"109":0,"110":0,"111":0,"112":0,"113":0,"114":0,"115":0,"116":0,"117":0,"118":0,"119":0,"120":0,"121":0,"122":0,"123":0,"124":0,"125":0,"126":0,"127":0,"128":0,"129":0,"130":0,"131":0,"132":0,"133":0,"134":0,"135":0,"136":0,"137":0,"138":0,"139":0,"140":0,"141":0,"142":0,"143":0,"144":0,"145":0,"146":0,"147":0,"148":0,"149":0,"150":0,"151":0,"152":0,"153":0,"154":0,"155":0,"156":0,"157":0,"158":0,"159":0,"160":0,"161":0,"162":0,"163":0,"164":0,"165":0,"166":0,"167":0,"168":0,"169":0,"170":0,"171":0,"172":1,"173":2},"f":{"0":3,"1":0,"2":0,"3":0,"4":0,"5":0,"6":0,"7":0,"8":0,"9":0,"10":0,"11":0,"12":0,"13":0,"14":0,"15":0,"16":0,"17":0,"18":0,"19":0,"20":0,"21":1},"b":{"0":[0],"1":[1,2],"2":[2,2],"3":[2,2],"4":[2,2],"5":[2,2],"6":[2,2],"7":[0,0],"8":[0,0],"9":[0,0],"10":[0,0],"11":[0,0],"12":[0,0],"13":[0,0],"14":[0,0],"15":[0,0],"16":[0,0],"17":[0,0],"18":[0,0],"19":[0,0],"20":[0,0],"21":[0,0],"22":[0,0,0],"23":[0,0],"24":[0,0],"25":[0,0],"26":[0,0],"27":[0,0,0],"28":[0,0],"29":[0,0],"30":[0,0],"31":[0,0],"32":[0,0],"33":[0,0],"34":[0,0],"35":[0,0],"36":[0,0],"37":[0,0],"38":[0,0],"39":[0,0],"40":[0,0],"41":[0,0,0],"42":[0,0],"43":[0,0],"44":[0,0],"45":[0,0],"46":[0,0],"47":[0,0],"48":[0,0],"49":[0,0],"50":[0,0],"51":[0,0],"52":[0,0],"53":[1,0]},"_coverageSchema":"1a1c01bbd47fc00a2c39e90264f33305004495a9","hash":"cecc8f6a72b92840f4a02f756e0427d5a978fa24"}
}
