TN:
SF:wake-word-detection.js
FN:17,createWakeWordDetection
FN:27,(anonymous_1)
FN:28,(anonymous_2)
FN:29,(anonymous_3)
FN:30,(anonymous_4)
FN:60,initializeSpeechRecognition
FN:81,(anonymous_6)
FN:135,(anonymous_7)
FN:165,(anonymous_8)
FN:182,(anonymous_9)
FN:204,(anonymous_10)
FN:221,restartRecognition
FN:239,(anonymous_12)
FN:258,finalizeCommand
FN:293,extractCommandText
FN:321,start
FN:349,stop
FN:360,pause
FN:370,resume
FN:381,setWakeWord
FN:390,setLanguage
FN:401,isSupported
FNF:22
FNH:2
FNDA:3,createWakeWordDetection
FNDA:0,(anonymous_1)
FNDA:0,(anonymous_2)
FNDA:0,(anonymous_3)
FNDA:0,(anonymous_4)
FNDA:0,initializeSpeechRecognition
FNDA:0,(anonymous_6)
FNDA:0,(anonymous_7)
FNDA:0,(anonymous_8)
FNDA:0,(anonymous_9)
FNDA:0,(anonymous_10)
FNDA:0,restartRecognition
FNDA:0,(anonymous_12)
FNDA:0,finalizeCommand
FNDA:0,extractCommandText
FNDA:0,start
FNDA:0,stop
FNDA:0,pause
FNDA:0,resume
FNDA:0,setWakeWord
FNDA:0,setLanguage
FNDA:1,isSupported
DA:19,3
DA:20,1
DA:24,2
DA:34,2
DA:35,2
DA:36,2
DA:37,2
DA:38,2
DA:39,2
DA:40,2
DA:41,2
DA:42,2
DA:43,2
DA:44,2
DA:45,2
DA:46,2
DA:47,2
DA:48,2
DA:49,2
DA:50,2
DA:51,2
DA:52,2
DA:53,2
DA:54,2
DA:55,2
DA:61,0
DA:63,0
DA:67,0
DA:72,0
DA:73,0
DA:76,0
DA:77,0
DA:78,0
DA:81,0
DA:83,0
DA:85,0
DA:86,0
DA:87,0
DA:88,0
DA:89,0
DA:92,0
DA:94,0
DA:97,0
DA:100,0
DA:104,0
DA:106,0
DA:107,0
DA:108,0
DA:109,0
DA:110,0
DA:111,0
DA:112,0
DA:113,0
DA:116,0
DA:117,0
DA:118,0
DA:122,0
DA:125,0
DA:126,0
DA:128,0
DA:129,0
DA:130,0
DA:131,0
DA:135,0
DA:136,0
DA:137,0
DA:138,0
DA:142,0
DA:144,0
DA:145,0
DA:146,0
DA:147,0
DA:149,0
DA:154,0
DA:155,0
DA:156,0
DA:157,0
DA:161,0
DA:162,0
DA:165,0
DA:166,0
DA:167,0
DA:168,0
DA:175,0
DA:176,0
DA:177,0
DA:182,0
DA:183,0
DA:186,0
DA:187,0
DA:188,0
DA:189,0
DA:190,0
DA:192,0
DA:195,0
DA:198,0
DA:199,0
DA:204,0
DA:205,0
DA:206,0
DA:210,0
DA:212,0
DA:213,0
DA:214,0
DA:222,0
DA:223,0
DA:226,0
DA:227,0
DA:228,0
DA:229,0
DA:232,0
DA:233,0
DA:239,0
DA:240,0
DA:241,0
DA:242,0
DA:244,0
DA:245,0
DA:246,0
DA:249,0
DA:250,0
DA:259,0
DA:260,0
DA:261,0
DA:262,0
DA:264,0
DA:265,0
DA:266,0
DA:269,0
DA:272,0
DA:277,0
DA:278,0
DA:282,0
DA:283,0
DA:284,0
DA:295,0
DA:296,0
DA:299,0
DA:300,0
DA:303,0
DA:304,0
DA:310,0
DA:311,0
DA:315,0
DA:322,0
DA:324,0
DA:325,0
DA:326,0
DA:331,0
DA:332,0
DA:333,0
DA:334,0
DA:335,0
DA:338,0
DA:339,0
DA:341,0
DA:342,0
DA:350,0
DA:351,0
DA:352,0
DA:353,0
DA:361,0
DA:362,0
DA:363,0
DA:371,0
DA:372,0
DA:373,0
DA:382,0
DA:383,0
DA:391,0
DA:392,0
DA:393,0
DA:402,1
DA:406,2
LF:174
LH:27
BRDA:17,0,0,0
BRDA:19,1,0,1
BRDA:19,1,1,2
BRDA:26,2,0,2
BRDA:26,2,1,2
BRDA:27,3,0,2
BRDA:27,3,1,2
BRDA:28,4,0,2
BRDA:28,4,1,2
BRDA:29,5,0,2
BRDA:29,5,1,2
BRDA:30,6,0,2
BRDA:30,6,1,2
BRDA:63,7,0,0
BRDA:63,7,1,0
BRDA:64,8,0,0
BRDA:64,8,1,0
BRDA:72,9,0,0
BRDA:72,9,1,0
BRDA:104,10,0,0
BRDA:104,10,1,0
BRDA:104,11,0,0
BRDA:104,11,1,0
BRDA:106,12,0,0
BRDA:106,12,1,0
BRDA:116,13,0,0
BRDA:116,13,1,0
BRDA:128,14,0,0
BRDA:128,14,1,0
BRDA:128,15,0,0
BRDA:128,15,1,0
BRDA:136,16,0,0
BRDA:136,16,1,0
BRDA:136,17,0,0
BRDA:136,17,1,0
BRDA:142,18,0,0
BRDA:142,18,1,0
BRDA:142,19,0,0
BRDA:142,19,1,0
BRDA:144,20,0,0
BRDA:144,20,1,0
BRDA:149,21,0,0
BRDA:149,21,1,0
BRDA:150,22,0,0
BRDA:150,22,1,0
BRDA:150,22,2,0
BRDA:161,23,0,0
BRDA:161,23,1,0
BRDA:166,24,0,0
BRDA:166,24,1,0
BRDA:166,25,0,0
BRDA:166,25,1,0
BRDA:175,26,0,0
BRDA:175,26,1,0
BRDA:175,27,0,0
BRDA:175,27,1,0
BRDA:175,27,2,0
BRDA:186,28,0,0
BRDA:186,28,1,0
BRDA:188,29,0,0
BRDA:188,29,1,0
BRDA:198,30,0,0
BRDA:198,30,1,0
BRDA:205,31,0,0
BRDA:205,31,1,0
BRDA:205,32,0,0
BRDA:205,32,1,0
BRDA:222,33,0,0
BRDA:222,33,1,0
BRDA:226,34,0,0
BRDA:226,34,1,0
BRDA:241,35,0,0
BRDA:241,35,1,0
BRDA:244,36,0,0
BRDA:244,36,1,0
BRDA:259,37,0,0
BRDA:259,37,1,0
BRDA:259,38,0,0
BRDA:259,38,1,0
BRDA:264,39,0,0
BRDA:264,39,1,0
BRDA:272,40,0,0
BRDA:272,40,1,0
BRDA:273,41,0,0
BRDA:273,41,1,0
BRDA:273,41,2,0
BRDA:303,42,0,0
BRDA:303,42,1,0
BRDA:310,43,0,0
BRDA:310,43,1,0
BRDA:310,44,0,0
BRDA:310,44,1,0
BRDA:324,45,0,0
BRDA:324,45,1,0
BRDA:325,46,0,0
BRDA:325,46,1,0
BRDA:350,47,0,0
BRDA:350,47,1,0
BRDA:361,48,0,0
BRDA:361,48,1,0
BRDA:361,49,0,0
BRDA:361,49,1,0
BRDA:371,50,0,0
BRDA:371,50,1,0
BRDA:371,51,0,0
BRDA:371,51,1,0
BRDA:392,52,0,0
BRDA:392,52,1,0
BRDA:402,53,0,1
BRDA:402,53,1,0
BRF:110
BRH:13
end_of_record
